<?xml version="1.0" encoding="UTF-8"?>
<testsuite xmlns:xsi="http://www.w3.org/2001/XMLSchema-instance" xsi:noNamespaceSchemaLocation="https://maven.apache.org/surefire/maven-surefire-plugin/xsd/surefire-test-report-3.0.xsd" version="3.0" name="com.app.crud.repository.BookRepositoryTest" time="6.143" tests="10" errors="0" skipped="0" failures="0">
  <properties>
    <property name="java.specification.version" value="21"/>
    <property name="sun.cpu.isalist" value="amd64"/>
    <property name="sun.jnu.encoding" value="Cp1252"/>
    <property name="java.class.path" value="C:\Users\Tadeo Alvarez\Dropbox\PC\Desktop\Projects\JavaProjects\crud\crud\target\test-classes;C:\Users\Tadeo Alvarez\Dropbox\PC\Desktop\Projects\JavaProjects\crud\crud\target\classes;C:\Users\Tadeo Alvarez\.m2\repository\org\springframework\boot\spring-boot-starter-data-jpa\3.2.2\spring-boot-starter-data-jpa-3.2.2.jar;C:\Users\Tadeo Alvarez\.m2\repository\org\springframework\boot\spring-boot-starter-aop\3.2.2\spring-boot-starter-aop-3.2.2.jar;C:\Users\Tadeo Alvarez\.m2\repository\org\aspectj\aspectjweaver\1.9.21\aspectjweaver-1.9.21.jar;C:\Users\Tadeo Alvarez\.m2\repository\org\springframework\boot\spring-boot-starter-jdbc\3.2.2\spring-boot-starter-jdbc-3.2.2.jar;C:\Users\Tadeo Alvarez\.m2\repository\com\zaxxer\HikariCP\5.0.1\HikariCP-5.0.1.jar;C:\Users\Tadeo Alvarez\.m2\repository\org\springframework\spring-jdbc\6.1.3\spring-jdbc-6.1.3.jar;C:\Users\Tadeo Alvarez\.m2\repository\org\hibernate\orm\hibernate-core\6.4.1.Final\hibernate-core-6.4.1.Final.jar;C:\Users\Tadeo Alvarez\.m2\repository\jakarta\persistence\jakarta.persistence-api\3.1.0\jakarta.persistence-api-3.1.0.jar;C:\Users\Tadeo Alvarez\.m2\repository\jakarta\transaction\jakarta.transaction-api\2.0.1\jakarta.transaction-api-2.0.1.jar;C:\Users\Tadeo Alvarez\.m2\repository\org\jboss\logging\jboss-logging\3.5.3.Final\jboss-logging-3.5.3.Final.jar;C:\Users\Tadeo Alvarez\.m2\repository\org\hibernate\common\hibernate-commons-annotations\6.0.6.Final\hibernate-commons-annotations-6.0.6.Final.jar;C:\Users\Tadeo Alvarez\.m2\repository\io\smallrye\jandex\3.1.2\jandex-3.1.2.jar;C:\Users\Tadeo Alvarez\.m2\repository\com\fasterxml\classmate\1.6.0\classmate-1.6.0.jar;C:\Users\Tadeo Alvarez\.m2\repository\net\bytebuddy\byte-buddy\1.14.11\byte-buddy-1.14.11.jar;C:\Users\Tadeo Alvarez\.m2\repository\org\glassfish\jaxb\jaxb-runtime\4.0.4\jaxb-runtime-4.0.4.jar;C:\Users\Tadeo Alvarez\.m2\repository\org\glassfish\jaxb\jaxb-core\4.0.4\jaxb-core-4.0.4.jar;C:\Users\Tadeo Alvarez\.m2\repository\org\eclipse\angus\angus-activation\2.0.1\angus-activation-2.0.1.jar;C:\Users\Tadeo Alvarez\.m2\repository\org\glassfish\jaxb\txw2\4.0.4\txw2-4.0.4.jar;C:\Users\Tadeo Alvarez\.m2\repository\com\sun\istack\istack-commons-runtime\4.1.2\istack-commons-runtime-4.1.2.jar;C:\Users\Tadeo Alvarez\.m2\repository\jakarta\inject\jakarta.inject-api\2.0.1\jakarta.inject-api-2.0.1.jar;C:\Users\Tadeo Alvarez\.m2\repository\org\antlr\antlr4-runtime\4.13.0\antlr4-runtime-4.13.0.jar;C:\Users\Tadeo Alvarez\.m2\repository\org\springframework\data\spring-data-jpa\3.2.2\spring-data-jpa-3.2.2.jar;C:\Users\Tadeo Alvarez\.m2\repository\org\springframework\data\spring-data-commons\3.2.2\spring-data-commons-3.2.2.jar;C:\Users\Tadeo Alvarez\.m2\repository\org\springframework\spring-orm\6.1.3\spring-orm-6.1.3.jar;C:\Users\Tadeo Alvarez\.m2\repository\org\springframework\spring-context\6.1.3\spring-context-6.1.3.jar;C:\Users\Tadeo Alvarez\.m2\repository\org\springframework\spring-tx\6.1.3\spring-tx-6.1.3.jar;C:\Users\Tadeo Alvarez\.m2\repository\org\springframework\spring-beans\6.1.3\spring-beans-6.1.3.jar;C:\Users\Tadeo Alvarez\.m2\repository\jakarta\annotation\jakarta.annotation-api\2.1.1\jakarta.annotation-api-2.1.1.jar;C:\Users\Tadeo Alvarez\.m2\repository\org\slf4j\slf4j-api\2.0.11\slf4j-api-2.0.11.jar;C:\Users\Tadeo Alvarez\.m2\repository\org\springframework\spring-aspects\6.1.3\spring-aspects-6.1.3.jar;C:\Users\Tadeo Alvarez\.m2\repository\org\springframework\boot\spring-boot-starter-web\3.2.2\spring-boot-starter-web-3.2.2.jar;C:\Users\Tadeo Alvarez\.m2\repository\org\springframework\boot\spring-boot-starter\3.2.2\spring-boot-starter-3.2.2.jar;C:\Users\Tadeo Alvarez\.m2\repository\org\springframework\boot\spring-boot-starter-logging\3.2.2\spring-boot-starter-logging-3.2.2.jar;C:\Users\Tadeo Alvarez\.m2\repository\ch\qos\logback\logback-classic\1.4.14\logback-classic-1.4.14.jar;C:\Users\Tadeo Alvarez\.m2\repository\ch\qos\logback\logback-core\1.4.14\logback-core-1.4.14.jar;C:\Users\Tadeo Alvarez\.m2\repository\org\apache\logging\log4j\log4j-to-slf4j\2.21.1\log4j-to-slf4j-2.21.1.jar;C:\Users\Tadeo Alvarez\.m2\repository\org\apache\logging\log4j\log4j-api\2.21.1\log4j-api-2.21.1.jar;C:\Users\Tadeo Alvarez\.m2\repository\org\slf4j\jul-to-slf4j\2.0.11\jul-to-slf4j-2.0.11.jar;C:\Users\Tadeo Alvarez\.m2\repository\org\yaml\snakeyaml\2.2\snakeyaml-2.2.jar;C:\Users\Tadeo Alvarez\.m2\repository\org\springframework\boot\spring-boot-starter-json\3.2.2\spring-boot-starter-json-3.2.2.jar;C:\Users\Tadeo Alvarez\.m2\repository\com\fasterxml\jackson\datatype\jackson-datatype-jdk8\2.15.3\jackson-datatype-jdk8-2.15.3.jar;C:\Users\Tadeo Alvarez\.m2\repository\com\fasterxml\jackson\datatype\jackson-datatype-jsr310\2.15.3\jackson-datatype-jsr310-2.15.3.jar;C:\Users\Tadeo Alvarez\.m2\repository\com\fasterxml\jackson\module\jackson-module-parameter-names\2.15.3\jackson-module-parameter-names-2.15.3.jar;C:\Users\Tadeo Alvarez\.m2\repository\org\springframework\boot\spring-boot-starter-tomcat\3.2.2\spring-boot-starter-tomcat-3.2.2.jar;C:\Users\Tadeo Alvarez\.m2\repository\org\apache\tomcat\embed\tomcat-embed-core\10.1.18\tomcat-embed-core-10.1.18.jar;C:\Users\Tadeo Alvarez\.m2\repository\org\apache\tomcat\embed\tomcat-embed-el\10.1.18\tomcat-embed-el-10.1.18.jar;C:\Users\Tadeo Alvarez\.m2\repository\org\apache\tomcat\embed\tomcat-embed-websocket\10.1.18\tomcat-embed-websocket-10.1.18.jar;C:\Users\Tadeo Alvarez\.m2\repository\org\springframework\spring-web\6.1.3\spring-web-6.1.3.jar;C:\Users\Tadeo Alvarez\.m2\repository\io\micrometer\micrometer-observation\1.12.2\micrometer-observation-1.12.2.jar;C:\Users\Tadeo Alvarez\.m2\repository\io\micrometer\micrometer-commons\1.12.2\micrometer-commons-1.12.2.jar;C:\Users\Tadeo Alvarez\.m2\repository\org\springframework\spring-webmvc\6.1.3\spring-webmvc-6.1.3.jar;C:\Users\Tadeo Alvarez\.m2\repository\org\springframework\spring-expression\6.1.3\spring-expression-6.1.3.jar;C:\Users\Tadeo Alvarez\.m2\repository\com\mysql\mysql-connector-j\8.3.0\mysql-connector-j-8.3.0.jar;C:\Users\Tadeo Alvarez\.m2\repository\org\springframework\boot\spring-boot-starter-test\3.2.2\spring-boot-starter-test-3.2.2.jar;C:\Users\Tadeo Alvarez\.m2\repository\org\springframework\boot\spring-boot-test\3.2.2\spring-boot-test-3.2.2.jar;C:\Users\Tadeo Alvarez\.m2\repository\org\springframework\boot\spring-boot-test-autoconfigure\3.2.2\spring-boot-test-autoconfigure-3.2.2.jar;C:\Users\Tadeo Alvarez\.m2\repository\com\jayway\jsonpath\json-path\2.8.0\json-path-2.8.0.jar;C:\Users\Tadeo Alvarez\.m2\repository\jakarta\xml\bind\jakarta.xml.bind-api\4.0.1\jakarta.xml.bind-api-4.0.1.jar;C:\Users\Tadeo Alvarez\.m2\repository\jakarta\activation\jakarta.activation-api\2.1.2\jakarta.activation-api-2.1.2.jar;C:\Users\Tadeo Alvarez\.m2\repository\net\minidev\json-smart\2.5.0\json-smart-2.5.0.jar;C:\Users\Tadeo Alvarez\.m2\repository\net\minidev\accessors-smart\2.5.0\accessors-smart-2.5.0.jar;C:\Users\Tadeo Alvarez\.m2\repository\org\ow2\asm\asm\9.3\asm-9.3.jar;C:\Users\Tadeo Alvarez\.m2\repository\org\assertj\assertj-core\3.24.2\assertj-core-3.24.2.jar;C:\Users\Tadeo Alvarez\.m2\repository\org\awaitility\awaitility\4.2.0\awaitility-4.2.0.jar;C:\Users\Tadeo Alvarez\.m2\repository\org\hamcrest\hamcrest\2.2\hamcrest-2.2.jar;C:\Users\Tadeo Alvarez\.m2\repository\org\junit\jupiter\junit-jupiter\5.10.1\junit-jupiter-5.10.1.jar;C:\Users\Tadeo Alvarez\.m2\repository\org\junit\jupiter\junit-jupiter-params\5.10.1\junit-jupiter-params-5.10.1.jar;C:\Users\Tadeo Alvarez\.m2\repository\org\mockito\mockito-core\5.7.0\mockito-core-5.7.0.jar;C:\Users\Tadeo Alvarez\.m2\repository\net\bytebuddy\byte-buddy-agent\1.14.11\byte-buddy-agent-1.14.11.jar;C:\Users\Tadeo Alvarez\.m2\repository\org\objenesis\objenesis\3.3\objenesis-3.3.jar;C:\Users\Tadeo Alvarez\.m2\repository\org\mockito\mockito-junit-jupiter\5.7.0\mockito-junit-jupiter-5.7.0.jar;C:\Users\Tadeo Alvarez\.m2\repository\org\skyscreamer\jsonassert\1.5.1\jsonassert-1.5.1.jar;C:\Users\Tadeo Alvarez\.m2\repository\com\vaadin\external\google\android-json\0.0.20131108.vaadin1\android-json-0.0.20131108.vaadin1.jar;C:\Users\Tadeo Alvarez\.m2\repository\org\springframework\spring-core\6.1.3\spring-core-6.1.3.jar;C:\Users\Tadeo Alvarez\.m2\repository\org\springframework\spring-jcl\6.1.3\spring-jcl-6.1.3.jar;C:\Users\Tadeo Alvarez\.m2\repository\org\springframework\spring-test\6.1.3\spring-test-6.1.3.jar;C:\Users\Tadeo Alvarez\.m2\repository\org\xmlunit\xmlunit-core\2.9.1\xmlunit-core-2.9.1.jar;C:\Users\Tadeo Alvarez\.m2\repository\org\projectlombok\lombok\1.18.30\lombok-1.18.30.jar;C:\Users\Tadeo Alvarez\.m2\repository\org\springframework\boot\spring-boot-starter-security\3.2.2\spring-boot-starter-security-3.2.2.jar;C:\Users\Tadeo Alvarez\.m2\repository\org\springframework\spring-aop\6.1.3\spring-aop-6.1.3.jar;C:\Users\Tadeo Alvarez\.m2\repository\org\springframework\security\spring-security-config\6.2.2\spring-security-config-6.2.2.jar;C:\Users\Tadeo Alvarez\.m2\repository\org\springframework\security\spring-security-core\6.2.2\spring-security-core-6.2.2.jar;C:\Users\Tadeo Alvarez\.m2\repository\org\springframework\security\spring-security-crypto\6.2.2\spring-security-crypto-6.2.2.jar;C:\Users\Tadeo Alvarez\.m2\repository\org\springframework\security\spring-security-web\6.2.2\spring-security-web-6.2.2.jar;C:\Users\Tadeo Alvarez\.m2\repository\org\springframework\boot\spring-boot-starter-thymeleaf\3.2.2\spring-boot-starter-thymeleaf-3.2.2.jar;C:\Users\Tadeo Alvarez\.m2\repository\org\thymeleaf\thymeleaf-spring6\3.1.2.RELEASE\thymeleaf-spring6-3.1.2.RELEASE.jar;C:\Users\Tadeo Alvarez\.m2\repository\org\thymeleaf\thymeleaf\3.1.2.RELEASE\thymeleaf-3.1.2.RELEASE.jar;C:\Users\Tadeo Alvarez\.m2\repository\org\attoparser\attoparser\2.0.7.RELEASE\attoparser-2.0.7.RELEASE.jar;C:\Users\Tadeo Alvarez\.m2\repository\org\unbescape\unbescape\1.1.6.RELEASE\unbescape-1.1.6.RELEASE.jar;C:\Users\Tadeo Alvarez\.m2\repository\org\springframework\boot\spring-boot-devtools\3.2.2\spring-boot-devtools-3.2.2.jar;C:\Users\Tadeo Alvarez\.m2\repository\org\springframework\boot\spring-boot\3.2.2\spring-boot-3.2.2.jar;C:\Users\Tadeo Alvarez\.m2\repository\org\springframework\boot\spring-boot-autoconfigure\3.2.2\spring-boot-autoconfigure-3.2.2.jar;C:\Users\Tadeo Alvarez\.m2\repository\com\auth0\java-jwt\4.4.0\java-jwt-4.4.0.jar;C:\Users\Tadeo Alvarez\.m2\repository\com\fasterxml\jackson\core\jackson-databind\2.15.3\jackson-databind-2.15.3.jar;C:\Users\Tadeo Alvarez\.m2\repository\com\fasterxml\jackson\core\jackson-annotations\2.15.3\jackson-annotations-2.15.3.jar;C:\Users\Tadeo Alvarez\.m2\repository\com\fasterxml\jackson\core\jackson-core\2.15.3\jackson-core-2.15.3.jar;C:\Users\Tadeo Alvarez\.m2\repository\org\junit\jupiter\junit-jupiter-engine\5.10.2\junit-jupiter-engine-5.10.2.jar;C:\Users\Tadeo Alvarez\.m2\repository\org\junit\platform\junit-platform-engine\1.10.1\junit-platform-engine-1.10.1.jar;C:\Users\Tadeo Alvarez\.m2\repository\org\opentest4j\opentest4j\1.3.0\opentest4j-1.3.0.jar;C:\Users\Tadeo Alvarez\.m2\repository\org\junit\platform\junit-platform-commons\1.10.1\junit-platform-commons-1.10.1.jar;C:\Users\Tadeo Alvarez\.m2\repository\org\junit\jupiter\junit-jupiter-api\5.10.1\junit-jupiter-api-5.10.1.jar;C:\Users\Tadeo Alvarez\.m2\repository\org\apiguardian\apiguardian-api\1.1.2\apiguardian-api-1.1.2.jar;C:\Users\Tadeo Alvarez\.m2\repository\com\h2database\h2\2.2.224\h2-2.2.224.jar;C:\Users\Tadeo Alvarez\.m2\repository\io\qameta\allure\allure-junit5\2.16.0\allure-junit5-2.16.0.jar;C:\Users\Tadeo Alvarez\.m2\repository\io\qameta\allure\allure-junit-platform\2.16.0\allure-junit-platform-2.16.0.jar;C:\Users\Tadeo Alvarez\.m2\repository\io\qameta\allure\allure-java-commons\2.16.0\allure-java-commons-2.16.0.jar;C:\Users\Tadeo Alvarez\.m2\repository\io\qameta\allure\allure-model\2.16.0\allure-model-2.16.0.jar;C:\Users\Tadeo Alvarez\.m2\repository\io\qameta\allure\allure-test-filter\2.16.0\allure-test-filter-2.16.0.jar;C:\Users\Tadeo Alvarez\.m2\repository\org\junit\platform\junit-platform-launcher\1.10.1\junit-platform-launcher-1.10.1.jar;"/>
    <property name="java.vm.vendor" value="Oracle Corporation"/>
    <property name="sun.arch.data.model" value="64"/>
    <property name="user.variant" value=""/>
    <property name="java.vendor.url" value="https://java.oracle.com/"/>
    <property name="user.timezone" value="America/Mexico_City"/>
    <property name="org.jboss.logging.provider" value="slf4j"/>
    <property name="os.name" value="Windows 11"/>
    <property name="java.vm.specification.version" value="21"/>
    <property name="sun.java.launcher" value="SUN_STANDARD"/>
    <property name="user.country" value="US"/>
    <property name="sun.boot.library.path" value="C:\Program Files\Java\jdk-21\bin"/>
    <property name="sun.java.command" value="C:\Users\Tadeo Alvarez\AppData\Local\Temp\surefire16884213278772572832\surefirebooter-20240403180600854_3.jar C:\Users\Tadeo Alvarez\AppData\Local\Temp\surefire16884213278772572832 2024-04-03T18-06-00_637-jvmRun1 surefire-20240403180600854_1tmp surefire_0-20240403180600854_2tmp"/>
    <property name="jdk.debug" value="release"/>
    <property name="surefire.test.class.path" value="C:\Users\Tadeo Alvarez\Dropbox\PC\Desktop\Projects\JavaProjects\crud\crud\target\test-classes;C:\Users\Tadeo Alvarez\Dropbox\PC\Desktop\Projects\JavaProjects\crud\crud\target\classes;C:\Users\Tadeo Alvarez\.m2\repository\org\springframework\boot\spring-boot-starter-data-jpa\3.2.2\spring-boot-starter-data-jpa-3.2.2.jar;C:\Users\Tadeo Alvarez\.m2\repository\org\springframework\boot\spring-boot-starter-aop\3.2.2\spring-boot-starter-aop-3.2.2.jar;C:\Users\Tadeo Alvarez\.m2\repository\org\aspectj\aspectjweaver\1.9.21\aspectjweaver-1.9.21.jar;C:\Users\Tadeo Alvarez\.m2\repository\org\springframework\boot\spring-boot-starter-jdbc\3.2.2\spring-boot-starter-jdbc-3.2.2.jar;C:\Users\Tadeo Alvarez\.m2\repository\com\zaxxer\HikariCP\5.0.1\HikariCP-5.0.1.jar;C:\Users\Tadeo Alvarez\.m2\repository\org\springframework\spring-jdbc\6.1.3\spring-jdbc-6.1.3.jar;C:\Users\Tadeo Alvarez\.m2\repository\org\hibernate\orm\hibernate-core\6.4.1.Final\hibernate-core-6.4.1.Final.jar;C:\Users\Tadeo Alvarez\.m2\repository\jakarta\persistence\jakarta.persistence-api\3.1.0\jakarta.persistence-api-3.1.0.jar;C:\Users\Tadeo Alvarez\.m2\repository\jakarta\transaction\jakarta.transaction-api\2.0.1\jakarta.transaction-api-2.0.1.jar;C:\Users\Tadeo Alvarez\.m2\repository\org\jboss\logging\jboss-logging\3.5.3.Final\jboss-logging-3.5.3.Final.jar;C:\Users\Tadeo Alvarez\.m2\repository\org\hibernate\common\hibernate-commons-annotations\6.0.6.Final\hibernate-commons-annotations-6.0.6.Final.jar;C:\Users\Tadeo Alvarez\.m2\repository\io\smallrye\jandex\3.1.2\jandex-3.1.2.jar;C:\Users\Tadeo Alvarez\.m2\repository\com\fasterxml\classmate\1.6.0\classmate-1.6.0.jar;C:\Users\Tadeo Alvarez\.m2\repository\net\bytebuddy\byte-buddy\1.14.11\byte-buddy-1.14.11.jar;C:\Users\Tadeo Alvarez\.m2\repository\org\glassfish\jaxb\jaxb-runtime\4.0.4\jaxb-runtime-4.0.4.jar;C:\Users\Tadeo Alvarez\.m2\repository\org\glassfish\jaxb\jaxb-core\4.0.4\jaxb-core-4.0.4.jar;C:\Users\Tadeo Alvarez\.m2\repository\org\eclipse\angus\angus-activation\2.0.1\angus-activation-2.0.1.jar;C:\Users\Tadeo Alvarez\.m2\repository\org\glassfish\jaxb\txw2\4.0.4\txw2-4.0.4.jar;C:\Users\Tadeo Alvarez\.m2\repository\com\sun\istack\istack-commons-runtime\4.1.2\istack-commons-runtime-4.1.2.jar;C:\Users\Tadeo Alvarez\.m2\repository\jakarta\inject\jakarta.inject-api\2.0.1\jakarta.inject-api-2.0.1.jar;C:\Users\Tadeo Alvarez\.m2\repository\org\antlr\antlr4-runtime\4.13.0\antlr4-runtime-4.13.0.jar;C:\Users\Tadeo Alvarez\.m2\repository\org\springframework\data\spring-data-jpa\3.2.2\spring-data-jpa-3.2.2.jar;C:\Users\Tadeo Alvarez\.m2\repository\org\springframework\data\spring-data-commons\3.2.2\spring-data-commons-3.2.2.jar;C:\Users\Tadeo Alvarez\.m2\repository\org\springframework\spring-orm\6.1.3\spring-orm-6.1.3.jar;C:\Users\Tadeo Alvarez\.m2\repository\org\springframework\spring-context\6.1.3\spring-context-6.1.3.jar;C:\Users\Tadeo Alvarez\.m2\repository\org\springframework\spring-tx\6.1.3\spring-tx-6.1.3.jar;C:\Users\Tadeo Alvarez\.m2\repository\org\springframework\spring-beans\6.1.3\spring-beans-6.1.3.jar;C:\Users\Tadeo Alvarez\.m2\repository\jakarta\annotation\jakarta.annotation-api\2.1.1\jakarta.annotation-api-2.1.1.jar;C:\Users\Tadeo Alvarez\.m2\repository\org\slf4j\slf4j-api\2.0.11\slf4j-api-2.0.11.jar;C:\Users\Tadeo Alvarez\.m2\repository\org\springframework\spring-aspects\6.1.3\spring-aspects-6.1.3.jar;C:\Users\Tadeo Alvarez\.m2\repository\org\springframework\boot\spring-boot-starter-web\3.2.2\spring-boot-starter-web-3.2.2.jar;C:\Users\Tadeo Alvarez\.m2\repository\org\springframework\boot\spring-boot-starter\3.2.2\spring-boot-starter-3.2.2.jar;C:\Users\Tadeo Alvarez\.m2\repository\org\springframework\boot\spring-boot-starter-logging\3.2.2\spring-boot-starter-logging-3.2.2.jar;C:\Users\Tadeo Alvarez\.m2\repository\ch\qos\logback\logback-classic\1.4.14\logback-classic-1.4.14.jar;C:\Users\Tadeo Alvarez\.m2\repository\ch\qos\logback\logback-core\1.4.14\logback-core-1.4.14.jar;C:\Users\Tadeo Alvarez\.m2\repository\org\apache\logging\log4j\log4j-to-slf4j\2.21.1\log4j-to-slf4j-2.21.1.jar;C:\Users\Tadeo Alvarez\.m2\repository\org\apache\logging\log4j\log4j-api\2.21.1\log4j-api-2.21.1.jar;C:\Users\Tadeo Alvarez\.m2\repository\org\slf4j\jul-to-slf4j\2.0.11\jul-to-slf4j-2.0.11.jar;C:\Users\Tadeo Alvarez\.m2\repository\org\yaml\snakeyaml\2.2\snakeyaml-2.2.jar;C:\Users\Tadeo Alvarez\.m2\repository\org\springframework\boot\spring-boot-starter-json\3.2.2\spring-boot-starter-json-3.2.2.jar;C:\Users\Tadeo Alvarez\.m2\repository\com\fasterxml\jackson\datatype\jackson-datatype-jdk8\2.15.3\jackson-datatype-jdk8-2.15.3.jar;C:\Users\Tadeo Alvarez\.m2\repository\com\fasterxml\jackson\datatype\jackson-datatype-jsr310\2.15.3\jackson-datatype-jsr310-2.15.3.jar;C:\Users\Tadeo Alvarez\.m2\repository\com\fasterxml\jackson\module\jackson-module-parameter-names\2.15.3\jackson-module-parameter-names-2.15.3.jar;C:\Users\Tadeo Alvarez\.m2\repository\org\springframework\boot\spring-boot-starter-tomcat\3.2.2\spring-boot-starter-tomcat-3.2.2.jar;C:\Users\Tadeo Alvarez\.m2\repository\org\apache\tomcat\embed\tomcat-embed-core\10.1.18\tomcat-embed-core-10.1.18.jar;C:\Users\Tadeo Alvarez\.m2\repository\org\apache\tomcat\embed\tomcat-embed-el\10.1.18\tomcat-embed-el-10.1.18.jar;C:\Users\Tadeo Alvarez\.m2\repository\org\apache\tomcat\embed\tomcat-embed-websocket\10.1.18\tomcat-embed-websocket-10.1.18.jar;C:\Users\Tadeo Alvarez\.m2\repository\org\springframework\spring-web\6.1.3\spring-web-6.1.3.jar;C:\Users\Tadeo Alvarez\.m2\repository\io\micrometer\micrometer-observation\1.12.2\micrometer-observation-1.12.2.jar;C:\Users\Tadeo Alvarez\.m2\repository\io\micrometer\micrometer-commons\1.12.2\micrometer-commons-1.12.2.jar;C:\Users\Tadeo Alvarez\.m2\repository\org\springframework\spring-webmvc\6.1.3\spring-webmvc-6.1.3.jar;C:\Users\Tadeo Alvarez\.m2\repository\org\springframework\spring-expression\6.1.3\spring-expression-6.1.3.jar;C:\Users\Tadeo Alvarez\.m2\repository\com\mysql\mysql-connector-j\8.3.0\mysql-connector-j-8.3.0.jar;C:\Users\Tadeo Alvarez\.m2\repository\org\springframework\boot\spring-boot-starter-test\3.2.2\spring-boot-starter-test-3.2.2.jar;C:\Users\Tadeo Alvarez\.m2\repository\org\springframework\boot\spring-boot-test\3.2.2\spring-boot-test-3.2.2.jar;C:\Users\Tadeo Alvarez\.m2\repository\org\springframework\boot\spring-boot-test-autoconfigure\3.2.2\spring-boot-test-autoconfigure-3.2.2.jar;C:\Users\Tadeo Alvarez\.m2\repository\com\jayway\jsonpath\json-path\2.8.0\json-path-2.8.0.jar;C:\Users\Tadeo Alvarez\.m2\repository\jakarta\xml\bind\jakarta.xml.bind-api\4.0.1\jakarta.xml.bind-api-4.0.1.jar;C:\Users\Tadeo Alvarez\.m2\repository\jakarta\activation\jakarta.activation-api\2.1.2\jakarta.activation-api-2.1.2.jar;C:\Users\Tadeo Alvarez\.m2\repository\net\minidev\json-smart\2.5.0\json-smart-2.5.0.jar;C:\Users\Tadeo Alvarez\.m2\repository\net\minidev\accessors-smart\2.5.0\accessors-smart-2.5.0.jar;C:\Users\Tadeo Alvarez\.m2\repository\org\ow2\asm\asm\9.3\asm-9.3.jar;C:\Users\Tadeo Alvarez\.m2\repository\org\assertj\assertj-core\3.24.2\assertj-core-3.24.2.jar;C:\Users\Tadeo Alvarez\.m2\repository\org\awaitility\awaitility\4.2.0\awaitility-4.2.0.jar;C:\Users\Tadeo Alvarez\.m2\repository\org\hamcrest\hamcrest\2.2\hamcrest-2.2.jar;C:\Users\Tadeo Alvarez\.m2\repository\org\junit\jupiter\junit-jupiter\5.10.1\junit-jupiter-5.10.1.jar;C:\Users\Tadeo Alvarez\.m2\repository\org\junit\jupiter\junit-jupiter-params\5.10.1\junit-jupiter-params-5.10.1.jar;C:\Users\Tadeo Alvarez\.m2\repository\org\mockito\mockito-core\5.7.0\mockito-core-5.7.0.jar;C:\Users\Tadeo Alvarez\.m2\repository\net\bytebuddy\byte-buddy-agent\1.14.11\byte-buddy-agent-1.14.11.jar;C:\Users\Tadeo Alvarez\.m2\repository\org\objenesis\objenesis\3.3\objenesis-3.3.jar;C:\Users\Tadeo Alvarez\.m2\repository\org\mockito\mockito-junit-jupiter\5.7.0\mockito-junit-jupiter-5.7.0.jar;C:\Users\Tadeo Alvarez\.m2\repository\org\skyscreamer\jsonassert\1.5.1\jsonassert-1.5.1.jar;C:\Users\Tadeo Alvarez\.m2\repository\com\vaadin\external\google\android-json\0.0.20131108.vaadin1\android-json-0.0.20131108.vaadin1.jar;C:\Users\Tadeo Alvarez\.m2\repository\org\springframework\spring-core\6.1.3\spring-core-6.1.3.jar;C:\Users\Tadeo Alvarez\.m2\repository\org\springframework\spring-jcl\6.1.3\spring-jcl-6.1.3.jar;C:\Users\Tadeo Alvarez\.m2\repository\org\springframework\spring-test\6.1.3\spring-test-6.1.3.jar;C:\Users\Tadeo Alvarez\.m2\repository\org\xmlunit\xmlunit-core\2.9.1\xmlunit-core-2.9.1.jar;C:\Users\Tadeo Alvarez\.m2\repository\org\projectlombok\lombok\1.18.30\lombok-1.18.30.jar;C:\Users\Tadeo Alvarez\.m2\repository\org\springframework\boot\spring-boot-starter-security\3.2.2\spring-boot-starter-security-3.2.2.jar;C:\Users\Tadeo Alvarez\.m2\repository\org\springframework\spring-aop\6.1.3\spring-aop-6.1.3.jar;C:\Users\Tadeo Alvarez\.m2\repository\org\springframework\security\spring-security-config\6.2.2\spring-security-config-6.2.2.jar;C:\Users\Tadeo Alvarez\.m2\repository\org\springframework\security\spring-security-core\6.2.2\spring-security-core-6.2.2.jar;C:\Users\Tadeo Alvarez\.m2\repository\org\springframework\security\spring-security-crypto\6.2.2\spring-security-crypto-6.2.2.jar;C:\Users\Tadeo Alvarez\.m2\repository\org\springframework\security\spring-security-web\6.2.2\spring-security-web-6.2.2.jar;C:\Users\Tadeo Alvarez\.m2\repository\org\springframework\boot\spring-boot-starter-thymeleaf\3.2.2\spring-boot-starter-thymeleaf-3.2.2.jar;C:\Users\Tadeo Alvarez\.m2\repository\org\thymeleaf\thymeleaf-spring6\3.1.2.RELEASE\thymeleaf-spring6-3.1.2.RELEASE.jar;C:\Users\Tadeo Alvarez\.m2\repository\org\thymeleaf\thymeleaf\3.1.2.RELEASE\thymeleaf-3.1.2.RELEASE.jar;C:\Users\Tadeo Alvarez\.m2\repository\org\attoparser\attoparser\2.0.7.RELEASE\attoparser-2.0.7.RELEASE.jar;C:\Users\Tadeo Alvarez\.m2\repository\org\unbescape\unbescape\1.1.6.RELEASE\unbescape-1.1.6.RELEASE.jar;C:\Users\Tadeo Alvarez\.m2\repository\org\springframework\boot\spring-boot-devtools\3.2.2\spring-boot-devtools-3.2.2.jar;C:\Users\Tadeo Alvarez\.m2\repository\org\springframework\boot\spring-boot\3.2.2\spring-boot-3.2.2.jar;C:\Users\Tadeo Alvarez\.m2\repository\org\springframework\boot\spring-boot-autoconfigure\3.2.2\spring-boot-autoconfigure-3.2.2.jar;C:\Users\Tadeo Alvarez\.m2\repository\com\auth0\java-jwt\4.4.0\java-jwt-4.4.0.jar;C:\Users\Tadeo Alvarez\.m2\repository\com\fasterxml\jackson\core\jackson-databind\2.15.3\jackson-databind-2.15.3.jar;C:\Users\Tadeo Alvarez\.m2\repository\com\fasterxml\jackson\core\jackson-annotations\2.15.3\jackson-annotations-2.15.3.jar;C:\Users\Tadeo Alvarez\.m2\repository\com\fasterxml\jackson\core\jackson-core\2.15.3\jackson-core-2.15.3.jar;C:\Users\Tadeo Alvarez\.m2\repository\org\junit\jupiter\junit-jupiter-engine\5.10.2\junit-jupiter-engine-5.10.2.jar;C:\Users\Tadeo Alvarez\.m2\repository\org\junit\platform\junit-platform-engine\1.10.1\junit-platform-engine-1.10.1.jar;C:\Users\Tadeo Alvarez\.m2\repository\org\opentest4j\opentest4j\1.3.0\opentest4j-1.3.0.jar;C:\Users\Tadeo Alvarez\.m2\repository\org\junit\platform\junit-platform-commons\1.10.1\junit-platform-commons-1.10.1.jar;C:\Users\Tadeo Alvarez\.m2\repository\org\junit\jupiter\junit-jupiter-api\5.10.1\junit-jupiter-api-5.10.1.jar;C:\Users\Tadeo Alvarez\.m2\repository\org\apiguardian\apiguardian-api\1.1.2\apiguardian-api-1.1.2.jar;C:\Users\Tadeo Alvarez\.m2\repository\com\h2database\h2\2.2.224\h2-2.2.224.jar;C:\Users\Tadeo Alvarez\.m2\repository\io\qameta\allure\allure-junit5\2.16.0\allure-junit5-2.16.0.jar;C:\Users\Tadeo Alvarez\.m2\repository\io\qameta\allure\allure-junit-platform\2.16.0\allure-junit-platform-2.16.0.jar;C:\Users\Tadeo Alvarez\.m2\repository\io\qameta\allure\allure-java-commons\2.16.0\allure-java-commons-2.16.0.jar;C:\Users\Tadeo Alvarez\.m2\repository\io\qameta\allure\allure-model\2.16.0\allure-model-2.16.0.jar;C:\Users\Tadeo Alvarez\.m2\repository\io\qameta\allure\allure-test-filter\2.16.0\allure-test-filter-2.16.0.jar;C:\Users\Tadeo Alvarez\.m2\repository\org\junit\platform\junit-platform-launcher\1.10.1\junit-platform-launcher-1.10.1.jar;"/>
    <property name="sun.cpu.endian" value="little"/>
    <property name="user.home" value="C:\Users\Tadeo Alvarez"/>
    <property name="user.language" value="en"/>
    <property name="java.specification.vendor" value="Oracle Corporation"/>
    <property name="java.version.date" value="2024-01-16"/>
    <property name="java.home" value="C:\Program Files\Java\jdk-21"/>
    <property name="file.separator" value="\"/>
    <property name="basedir" value="C:\Users\Tadeo Alvarez\Dropbox\PC\Desktop\Projects\JavaProjects\crud\crud"/>
    <property name="java.vm.compressedOopsMode" value="32-bit"/>
    <property name="line.separator" value="&#10;"/>
    <property name="java.vm.specification.vendor" value="Oracle Corporation"/>
    <property name="java.specification.name" value="Java Platform API Specification"/>
    <property name="FILE_LOG_CHARSET" value="UTF-8"/>
    <property name="java.awt.headless" value="true"/>
    <property name="surefire.real.class.path" value="C:\Users\Tadeo Alvarez\AppData\Local\Temp\surefire16884213278772572832\surefirebooter-20240403180600854_3.jar"/>
    <property name="user.script" value=""/>
    <property name="sun.management.compiler" value="HotSpot 64-Bit Tiered Compilers"/>
    <property name="java.runtime.version" value="21.0.2+13-LTS-58"/>
    <property name="user.name" value="Tadeo Alvarez"/>
    <property name="stdout.encoding" value="Cp1252"/>
    <property name="path.separator" value=";"/>
    <property name="os.version" value="10.0"/>
    <property name="java.runtime.name" value="Java(TM) SE Runtime Environment"/>
    <property name="file.encoding" value="UTF-8"/>
    <property name="java.vm.name" value="Java HotSpot(TM) 64-Bit Server VM"/>
    <property name="localRepository" value="C:\Users\Tadeo Alvarez\.m2\repository"/>
    <property name="java.vendor.url.bug" value="https://bugreport.java.com/bugreport/"/>
    <property name="java.io.tmpdir" value="C:\Users\TADEOA~1\AppData\Local\Temp\"/>
    <property name="com.zaxxer.hikari.pool_number" value="1"/>
    <property name="java.version" value="21.0.2"/>
    <property name="user.dir" value="C:\Users\Tadeo Alvarez\Dropbox\PC\Desktop\Projects\JavaProjects\crud\crud"/>
    <property name="os.arch" value="amd64"/>
    <property name="java.vm.specification.name" value="Java Virtual Machine Specification"/>
    <property name="PID" value="18952"/>
    <property name="sun.os.patch.level" value=""/>
    <property name="CONSOLE_LOG_CHARSET" value="UTF-8"/>
    <property name="native.encoding" value="Cp1252"/>
    <property name="java.library.path" value="C:\Program Files\Java\jdk-21\bin;C:\WINDOWS\Sun\Java\bin;C:\WINDOWS\system32;C:\WINDOWS;C:\Oracle11\app\product\11.2.0\dbhome_1\bin;D:\app\Sauron\product\11.2.0\dbhome_1\bin;C:\Program Files\Common Files\Oracle\Java\javapath;C:\Oracle11\product\11.2.0\dbhome_1\bin;C:\Users\Sauron\Desktop\Oracle\product\11.2.0\dbhome_2\bin;C:\Program Files\Python312\Scripts\;C:\Program Files\Python312\;C:\WINDOWS\system32;C:\WINDOWS;C:\WINDOWS\System32\Wbem;C:\WINDOWS\System32\WindowsPowerShell\v1.0\;C:\WINDOWS\System32\OpenSSH\;C:\Program Files\Git\cmd;C:\ProgramData\chocolatey\bin;C:\Users\Tadeo Alvarez\AppData\Roaming\nvm;C:\Program Files\nodejs;C:\Users\Tadeo Alvarez\AppData\Local\Programs\Python\Python311\Scripts;C:\Program Files\Java\jdk-21\bin;C:\Program Files (x86)\ZeroTier\One\;C:\php;C:\apache-maven-3.9.6\bin;C:\allure-2.27.0\bin;C:\Users\Tadeo Alvarez\AppData\Local\Microsoft\WindowsApps;C:\ProgramData\chocolatey\lib\mingw\tools\install\mingw64\bin;C:\Program Files\MySQL\MySQL Server 8.0\bin;C:\Users\Tadeo Alvarez\AppData\Roaming\nvm;C:\Program Files\nodejs;C:\Program Files\PostgreSQL\15\bin;C:\Program Files\PostgreSQL\15\data;C:\Users\Tadeo Alvarez\AppData\Local\Programs\Microsoft VS Code\bin;C:\Users\Tadeo Alvarez\AppData\Local\JetBrains\IntelliJ IDEA Community Edition 2023.1.2\bin;;C:\Users\Tadeo Alvarez\AppData\Local\Programs\Python\Python311\Scripts;C:\allure-2.27.0\bin;;."/>
    <property name="java.vm.info" value="mixed mode, sharing"/>
    <property name="stderr.encoding" value="Cp1252"/>
    <property name="java.vendor" value="Oracle Corporation"/>
    <property name="java.vm.version" value="21.0.2+13-LTS-58"/>
    <property name="sun.io.unicode.encoding" value="UnicodeLittle"/>
    <property name="java.class.version" value="65.0"/>
  </properties>
  <testcase name="findByAuthorFoundTest" classname="com.app.crud.repository.BookRepositoryTest" time="1.215">
    <system-out><![CDATA[2024-04-03T18:06:12.549-06:00  INFO 18952 --- [           main] t.c.s.AnnotationConfigContextLoaderUtils : Could not detect default configuration classes for test class [com.app.crud.repository.BookRepositoryTest]: BookRepositoryTest does not declare any static, non-private, non-final, nested classes annotated with @Configuration.
2024-04-03T18:06:12.630-06:00  INFO 18952 --- [           main] .b.t.c.SpringBootTestContextBootstrapper : Found @SpringBootConfiguration com.app.crud.CrudApplication for test class com.app.crud.repository.BookRepositoryTest
2024-04-03T18:06:12.642-06:00  INFO 18952 --- [           main] o.s.b.d.r.RestartApplicationListener     : Restart disabled due to context in which it is running

  .   ____          _            __ _ _
 /\\ / ___'_ __ _ _(_)_ __  __ _ \ \ \ \
( ( )\___ | '_ | '_| | '_ \/ _` | \ \ \ \
 \\/  ___)| |_)| | | | | || (_| |  ) ) ) )
  '  |____| .__|_| |_|_| |_\__, | / / / /
 =========|_|==============|___/=/_/_/_/
 :: Spring Boot ::                (v3.2.2)

2024-04-03T18:06:12.713-06:00  INFO 18952 --- [           main] c.a.crud.repository.BookRepositoryTest   : Starting BookRepositoryTest using Java 21.0.2 with PID 18952 (started by Tadeo Alvarez in C:\Users\Tadeo Alvarez\Dropbox\PC\Desktop\Projects\JavaProjects\crud\crud)
2024-04-03T18:06:12.713-06:00  INFO 18952 --- [           main] c.a.crud.repository.BookRepositoryTest   : No active profile set, falling back to 1 default profile: "default"
2024-04-03T18:06:13.135-06:00  INFO 18952 --- [           main] .s.d.r.c.RepositoryConfigurationDelegate : Bootstrapping Spring Data JPA repositories in DEFAULT mode.
2024-04-03T18:06:13.189-06:00  INFO 18952 --- [           main] .s.d.r.c.RepositoryConfigurationDelegate : Finished Spring Data repository scanning in 52 ms. Found 6 JPA repository interfaces.
2024-04-03T18:06:13.222-06:00  INFO 18952 --- [           main] beddedDataSourceBeanFactoryPostProcessor : Replacing 'dataSource' DataSource bean with embedded version
2024-04-03T18:06:13.263-06:00  INFO 18952 --- [           main] o.s.j.d.e.EmbeddedDatabaseFactory        : Starting embedded database: url='jdbc:h2:mem:bd73f20e-94db-494e-a198-169ecb46ee06;DB_CLOSE_DELAY=-1;DB_CLOSE_ON_EXIT=false', username='sa'
2024-04-03T18:06:13.586-06:00  INFO 18952 --- [           main] o.hibernate.jpa.internal.util.LogHelper  : HHH000204: Processing PersistenceUnitInfo [name: default]
2024-04-03T18:06:13.594-06:00  INFO 18952 --- [           main] o.h.c.internal.RegionFactoryInitiator    : HHH000026: Second-level cache disabled
2024-04-03T18:06:13.604-06:00  INFO 18952 --- [           main] o.s.o.j.p.SpringPersistenceUnitInfo      : No LoadTimeWeaver setup: ignoring JPA class transformer
2024-04-03T18:06:15.765-06:00  INFO 18952 --- [           main] o.h.e.t.j.p.i.JtaPlatformInitiator       : HHH000489: No JTA platform available (set 'hibernate.transaction.jta.platform' to enable JTA platform integration)
Hibernate: drop table if exists address cascade 
Hibernate: drop table if exists book cascade 
Hibernate: drop table if exists loan cascade 
Hibernate: drop table if exists member cascade 
Hibernate: drop table if exists member_book cascade 
Hibernate: drop table if exists member_permissions cascade 
Hibernate: drop table if exists member_roles cascade 
Hibernate: drop table if exists permission cascade 
Hibernate: drop table if exists role cascade 
Hibernate: create table address (city varchar(50) not null, postal_code varchar(50) not null, state varchar(50) not null, street varchar(50) not null, address_id varchar(255) not null, member_id varchar(255) unique, primary key (address_id))
Hibernate: create table book (amount integer not null, author varchar(50) not null, genre varchar(50) not null, title varchar(50) not null, isbn varchar(255) not null, primary key (isbn))
Hibernate: create table loan (date_borrow timestamp(6) not null, date_limit timestamp(6) not null, id varchar(255) not null, member_id varchar(255) not null, primary key (id))
Hibernate: create table member (age integer, email varchar(250) not null, lastname varchar(250) not null, name varchar(250) not null, password varchar(250) not null, username varchar(250) not null, member_id varchar(255) not null, primary key (member_id))
Hibernate: create table member_book (amount_borrowed integer not null, id varchar(255) not null, isbn varchar(255), loan_id varchar(255), member_id varchar(255), primary key (id))
Hibernate: create table member_permissions (member_id varchar(255) not null, permission_id varchar(255) not null, primary key (member_id, permission_id))
Hibernate: create table member_roles (member_id varchar(255) not null, role_id varchar(255) not null, primary key (member_id, role_id))
Hibernate: create table permission (id varchar(255) not null, name varchar(255) check (name in ('CREATE_BOOK','READ_BOOK','EDIT_BOOK','DELETE_BOOK','CREATE_LOAN','READ_LOAN','EDIT_LOAN','DELETE_LOAN','CREATE_ADDRESS','READ_ADDRESS','EDIT_ADDRESS','DELETE_ADDRESS','CREATE_MEMBER','READ_MEMBER','EDIT_MEMBER','DELETE_MEMBER')), primary key (id))
Hibernate: create table role (id varchar(255) not null, name varchar(255) check (name in ('ADMIN','USER','INVITED')), primary key (id))
Hibernate: alter table if exists address add constraint FKcnw0s8hudme00qu71e3mqd5ih foreign key (member_id) references member
Hibernate: alter table if exists loan add constraint FKskvlv9lnj3plivn0grmqf950f foreign key (member_id) references member
Hibernate: alter table if exists member_book add constraint FKh0apj7k09mm10ictpsomwalnh foreign key (isbn) references book
Hibernate: alter table if exists member_book add constraint FKd2q10wy52l1eufkwkk5g9thgj foreign key (loan_id) references loan
Hibernate: alter table if exists member_book add constraint FKradqd08nxk8cbt0rs225wo5rj foreign key (member_id) references member
Hibernate: alter table if exists member_permissions add constraint FKe3v6hdgoqfhn2ipw2a4dwb3mv foreign key (permission_id) references permission
Hibernate: alter table if exists member_permissions add constraint FKcw5l9ero6vx03e7ni0ni64y3p foreign key (member_id) references member
Hibernate: alter table if exists member_roles add constraint FKe6spxgtlq85rqqqnbaxvqimdk foreign key (role_id) references role
Hibernate: alter table if exists member_roles add constraint FKet63dfllh4o5qa9qwm7f5kx9x foreign key (member_id) references member
2024-04-03T18:06:15.880-06:00  INFO 18952 --- [           main] j.LocalContainerEntityManagerFactoryBean : Initialized JPA EntityManagerFactory for persistence unit 'default'
2024-04-03T18:06:17.069-06:00  INFO 18952 --- [           main] c.a.crud.repository.BookRepositoryTest   : Started BookRepositoryTest in 4.427 seconds (process running for 15.992)
Hibernate: insert into book (amount,author,genre,title,isbn) values (?,?,?,?,?)
Hibernate: select b1_0.isbn,b1_0.amount,b1_0.author,b1_0.genre,b1_0.title from book b1_0 where b1_0.author=?
Hibernate: select b1_0.isbn,b1_0.amount,b1_0.author,b1_0.genre,b1_0.title from book b1_0
]]></system-out>
    <system-err><![CDATA[WARNING: A Java agent has been loaded dynamically (C:\Users\Tadeo Alvarez\.m2\repository\net\bytebuddy\byte-buddy-agent\1.14.11\byte-buddy-agent-1.14.11.jar)
WARNING: If a serviceability tool is in use, please run with -XX:+EnableDynamicAgentLoading to hide this warning
WARNING: If a serviceability tool is not in use, please run with -Djdk.instrument.traceUsage for more information
WARNING: Dynamic loading of agents will be disallowed by default in a future release
]]></system-err>
  </testcase>
  <testcase name="findByAmountFoundTest" classname="com.app.crud.repository.BookRepositoryTest" time="0.029">
    <system-out><![CDATA[Hibernate: insert into book (amount,author,genre,title,isbn) values (?,?,?,?,?)
Hibernate: select b1_0.isbn,b1_0.amount,b1_0.author,b1_0.genre,b1_0.title from book b1_0 where b1_0.amount=?
Hibernate: select b1_0.isbn,b1_0.amount,b1_0.author,b1_0.genre,b1_0.title from book b1_0
]]></system-out>
  </testcase>
  <testcase name="findByTitleNotFoundTest" classname="com.app.crud.repository.BookRepositoryTest" time="0.025">
    <system-out><![CDATA[Hibernate: insert into book (amount,author,genre,title,isbn) values (?,?,?,?,?)
Hibernate: select b1_0.isbn,b1_0.amount,b1_0.author,b1_0.genre,b1_0.title from book b1_0 where b1_0.title=?
Hibernate: select b1_0.isbn,b1_0.amount,b1_0.author,b1_0.genre,b1_0.title from book b1_0
]]></system-out>
  </testcase>
  <testcase name="findByAmountNotFoundTest" classname="com.app.crud.repository.BookRepositoryTest" time="0.019">
    <system-out><![CDATA[Hibernate: insert into book (amount,author,genre,title,isbn) values (?,?,?,?,?)
Hibernate: select b1_0.isbn,b1_0.amount,b1_0.author,b1_0.genre,b1_0.title from book b1_0 where b1_0.amount=?
Hibernate: select b1_0.isbn,b1_0.amount,b1_0.author,b1_0.genre,b1_0.title from book b1_0
]]></system-out>
  </testcase>
  <testcase name="findByISBNNotFoundTest" classname="com.app.crud.repository.BookRepositoryTest" time="0.026">
    <system-out><![CDATA[Hibernate: insert into book (amount,author,genre,title,isbn) values (?,?,?,?,?)
Hibernate: select b1_0.isbn,b1_0.amount,b1_0.author,b1_0.genre,b1_0.title from book b1_0 where b1_0.isbn=?
Hibernate: select b1_0.isbn,b1_0.amount,b1_0.author,b1_0.genre,b1_0.title from book b1_0
]]></system-out>
  </testcase>
  <testcase name="findByISBNFoundTest" classname="com.app.crud.repository.BookRepositoryTest" time="0.017">
    <system-out><![CDATA[Hibernate: insert into book (amount,author,genre,title,isbn) values (?,?,?,?,?)
Hibernate: select b1_0.isbn,b1_0.amount,b1_0.author,b1_0.genre,b1_0.title from book b1_0 where b1_0.isbn=?
Hibernate: select b1_0.isbn,b1_0.amount,b1_0.author,b1_0.genre,b1_0.title from book b1_0
]]></system-out>
  </testcase>
  <testcase name="findByAuthorNotFoundTest" classname="com.app.crud.repository.BookRepositoryTest" time="0.028">
    <system-out><![CDATA[Hibernate: insert into book (amount,author,genre,title,isbn) values (?,?,?,?,?)
Hibernate: select b1_0.isbn,b1_0.amount,b1_0.author,b1_0.genre,b1_0.title from book b1_0 where b1_0.author=?
Hibernate: select b1_0.isbn,b1_0.amount,b1_0.author,b1_0.genre,b1_0.title from book b1_0
]]></system-out>
  </testcase>
  <testcase name="findByGenreNotFoundTest" classname="com.app.crud.repository.BookRepositoryTest" time="0.029">
    <system-out><![CDATA[Hibernate: insert into book (amount,author,genre,title,isbn) values (?,?,?,?,?)
Hibernate: select b1_0.isbn,b1_0.amount,b1_0.author,b1_0.genre,b1_0.title from book b1_0 where b1_0.genre=?
Hibernate: select b1_0.isbn,b1_0.amount,b1_0.author,b1_0.genre,b1_0.title from book b1_0
]]></system-out>
  </testcase>
  <testcase name="findByTitleFoundTest" classname="com.app.crud.repository.BookRepositoryTest" time="0.021">
    <system-out><![CDATA[Hibernate: insert into book (amount,author,genre,title,isbn) values (?,?,?,?,?)
Hibernate: select b1_0.isbn,b1_0.amount,b1_0.author,b1_0.genre,b1_0.title from book b1_0 where b1_0.title=?
Hibernate: select b1_0.isbn,b1_0.amount,b1_0.author,b1_0.genre,b1_0.title from book b1_0
]]></system-out>
  </testcase>
  <testcase name="findByGenreFoundTest" classname="com.app.crud.repository.BookRepositoryTest" time="0.018">
    <system-out><![CDATA[Hibernate: insert into book (amount,author,genre,title,isbn) values (?,?,?,?,?)
Hibernate: select b1_0.isbn,b1_0.amount,b1_0.author,b1_0.genre,b1_0.title from book b1_0 where b1_0.genre=?
Hibernate: select b1_0.isbn,b1_0.amount,b1_0.author,b1_0.genre,b1_0.title from book b1_0
]]></system-out>
  </testcase>
</testsuite>